<?xml version="1.0" encoding="UTF-8"?>
<testng-results skipped="0" failed="0" ignored="0" total="1" passed="1">
  <reporter-output>
  </reporter-output>
  <suite name="Default suite" duration-ms="78020" started-at="2017-10-18T11:07:47Z" finished-at="2017-10-18T11:09:05Z">
    <groups>
    </groups>
    <test name="Default test" duration-ms="78020" started-at="2017-10-18T11:07:47Z" finished-at="2017-10-18T11:09:05Z">
      <class name="com.ShearCircle.TestScenarios.CustomerModule">
        <test-method status="PASS" signature="beforeclass(java.lang.String)[pri:0, instance:com.ShearCircle.TestScenarios.CustomerModule@5e3a8624]" name="beforeclass" is-config="true" duration-ms="11065" started-at="2017-10-18T16:37:47Z" finished-at="2017-10-18T16:37:58Z">
          <params>
            <param index="0">
              <value>
                <![CDATA[chrome]]>
              </value>
            </param>
          </params>
          <reporter-output>
          </reporter-output>
        </test-method> <!-- beforeclass -->
        <test-method status="PASS" signature="Customer_ForgotPassword_scenario()[pri:0, instance:com.ShearCircle.TestScenarios.CustomerModule@5e3a8624]" name="Customer_ForgotPassword_scenario" duration-ms="64460" started-at="2017-10-18T16:37:58Z" finished-at="2017-10-18T16:39:03Z">
          <reporter-output>
          </reporter-output>
        </test-method> <!-- Customer_ForgotPassword_scenario -->
        <test-method status="PASS" signature="StatusScreenShots(org.testng.ITestResult)[pri:0, instance:com.ShearCircle.TestScenarios.CustomerModule@5e3a8624]" name="StatusScreenShots" is-config="true" duration-ms="1400" started-at="2017-10-18T16:39:03Z" finished-at="2017-10-18T16:39:04Z">
          <params>
            <param index="0">
              <value>
                <![CDATA[[TestResult name=Customer_ForgotPassword_scenario status=SUCCESS method=CustomerModule.Customer_ForgotPassword_scenario()[pri:0, instance:com.ShearCircle.TestScenarios.CustomerModule@5e3a8624] output={null}]]]>
              </value>
            </param>
          </params>
          <reporter-output>
          </reporter-output>
        </test-method> <!-- StatusScreenShots -->
        <test-method status="PASS" signature="afterClass()[pri:0, instance:com.ShearCircle.TestScenarios.CustomerModule@5e3a8624]" name="afterClass" is-config="true" duration-ms="1029" started-at="2017-10-18T16:39:04Z" finished-at="2017-10-18T16:39:05Z">
          <reporter-output>
          </reporter-output>
        </test-method> <!-- afterClass -->
      </class> <!-- com.ShearCircle.TestScenarios.CustomerModule -->
    </test> <!-- Default test -->
  </suite> <!-- Default suite -->
</testng-results>
